<?xml version="1.0" encoding="UTF-8"?>
<!-- Generated by org.testng.reporters.JUnitReportReporter -->
<testsuite hostname="DESKTOP-NHS3MPK" failures="0" tests="4" name="TestCases.LoginTest" time="42.361" errors="0" timestamp="2022-03-26T09:27:28 IST" skipped="0">
  <testcase classname="TestCases.LoginTest" name="LoginSuccess" time="9.987"/>
  <system-out/>
  <testcase classname="TestCases.LoginTest" name="LoginFailure" time="7.578"/>
  <system-out/>
  <testcase classname="TestCases.LoginTest" name="ParameterFromTestNGFile" time="9.860"/>
  <system-out/>
  <testcase classname="TestCases.LoginTest" name="DataFromExcelFile" time="14.936"/>
  <system-out/>
</testsuite> <!-- TestCases.LoginTest -->
