<?xml version="1.0" encoding="UTF-8"?>
<!-- Generated by org.testng.reporters.JUnitReportReporter -->
<testsuite hostname="DESKTOP-NHS3MPK" failures="0" tests="1" name="TestCases.LoginTest" time="8.848" errors="0" timestamp="2022-03-25T15:11:33 IST" skipped="0">
  <testcase classname="TestCases.LoginTest" name="LoginFailure" time="8.848"/>
  <system-out/>
</testsuite> <!-- TestCases.LoginTest -->
