<?xml version="1.0" encoding="UTF-8"?>
<!-- Generated by org.testng.reporters.JUnitReportReporter -->
<testsuite hostname="DESKTOP-NHS3MPK" failures="0" tests="4" name="TestCases.LoginTest" time="40.051" errors="0" timestamp="2022-03-27T09:37:09 IST" skipped="0">
  <testcase classname="TestCases.LoginTest" name="LoginFailure" time="8.621"/>
  <system-out/>
  <testcase classname="TestCases.LoginTest" name="ParameterFromTestNGFile" time="10.431"/>
  <system-out/>
  <testcase classname="TestCases.LoginTest" name="DataFromExcelFile" time="9.356"/>
  <system-out/>
  <testcase classname="TestCases.LoginTest" name="LoginSuccess" time="11.643"/>
  <system-out/>
</testsuite> <!-- TestCases.LoginTest -->
