<?xml version="1.0" encoding="UTF-8"?>
<!-- Generated by org.testng.reporters.JUnitReportReporter -->
<testsuite hostname="DESKTOP-NHS3MPK" failures="0" tests="2" name="TestCases.LoginTest" time="16.750" errors="0" timestamp="2022-03-21T20:00:10 IST" skipped="0">
  <testcase classname="TestCases.LoginTest" name="LoginSuccess" time="9.817"/>
  <system-out/>
  <testcase classname="TestCases.LoginTest" name="LoginFailure" time="6.933"/>
  <system-out/>
</testsuite> <!-- TestCases.LoginTest -->
