<?xml version="1.0" encoding="UTF-8"?>
<!-- Generated by org.testng.reporters.JUnitReportReporter -->
<testsuite hostname="DESKTOP-NHS3MPK" failures="0" tests="2" name="TestCases.LoginTest" time="17.024" errors="0" timestamp="2022-03-21T20:02:28 IST" skipped="0">
  <testcase classname="TestCases.LoginTest" name="LoginFailure" time="8.137"/>
  <system-out/>
  <testcase classname="TestCases.LoginTest" name="LoginSuccess" time="8.887"/>
  <system-out/>
</testsuite> <!-- TestCases.LoginTest -->
